2023-04-13 16:58:08,300 INFO Spielfeld [main] Schiff:
2023-04-13 17:01:03,911 INFO Spielfeld [main] Schlachtschiff - Start: (00) - Groesse: 5
2023-04-13 17:05:57,131 INFO Spielfeld [main] Schlachtschiff - Start: (0/0) - Groesse: 5
2023-04-13 17:06:13,371 INFO Spielfeld [main] Kreuzer - Start: (0/1) - Groesse: 4
2023-04-13 17:06:17,131 INFO Spielfeld [main] Kreuzer - Start: (0/2) - Groesse: 4
2023-04-13 17:06:19,826 INFO Spielfeld [main] Zerstörer - Start: (0/3) - Groesse: 3
2023-04-13 17:06:21,697 INFO Spielfeld [main] Zerstörer - Start: (0/4) - Groesse: 3
2023-04-13 17:06:23,611 INFO Spielfeld [main] Zerstörer - Start: (0/5) - Groesse: 3
2023-04-13 17:06:26,001 INFO Spielfeld [main] U-Boot - Start: (0/6) - Groesse: 2
2023-04-13 17:06:38,042 INFO Spielfeld [main] U-Boot - Start: (0/7) - Groesse: 2
2023-04-13 17:06:41,432 INFO Spielfeld [main] U-Boot - Start: (0/8) - Groesse: 2
2023-04-13 17:06:45,481 INFO Spielfeld [main] U-Boot - Start: (0/9) - Groesse: 2
2023-04-13 17:06:45,484 INFO Spielfeld [main] Schlachtschiff - Start: (0/2) - Groesse: 5
2023-04-13 17:06:45,486 INFO Spielfeld [main] Kreuzer - Start: (4/0) - Groesse: 4
2023-04-13 17:06:45,487 INFO Spielfeld [main] Kreuzer - Start: (5/3) - Groesse: 4
2023-04-13 17:06:45,487 INFO Spielfeld [main] Zerstörer - Start: (5/5) - Groesse: 3
2023-04-13 17:06:45,487 INFO Spielfeld [main] Zerstörer - Start: (0/4) - Groesse: 3
2023-04-13 17:06:45,487 INFO Spielfeld [main] Zerstörer - Start: (4/3) - Groesse: 3
2023-04-13 17:06:45,488 INFO Spielfeld [main] U-Boot - Start: (3/5) - Groesse: 2
2023-04-13 17:06:45,488 INFO Spielfeld [main] U-Boot - Start: (3/0) - Groesse: 2
2023-04-13 17:06:45,488 INFO Spielfeld [main] U-Boot - Start: (1/0) - Groesse: 2
2023-04-13 17:06:45,488 INFO Spielfeld [main] U-Boot - Start: (2/7) - Groesse: 2
2023-04-13 18:31:03,320 INFO Spielfeld [main] Schlachtschiff - Start: (0/0) - Groesse: 5
2023-04-13 18:31:07,795 INFO Spielfeld [main] Kreuzer - Start: (0/1) - Groesse: 4
2023-04-13 18:31:11,343 INFO Spielfeld [main] Kreuzer - Start: (0/2) - Groesse: 4
2023-04-13 18:31:16,139 INFO Spielfeld [main] Zerstörer - Start: (0/3) - Groesse: 3
2023-04-13 18:31:17,949 INFO Spielfeld [main] Zerstörer - Start: (0/4) - Groesse: 3
2023-04-13 18:31:23,419 INFO Spielfeld [main] Zerstörer - Start: (0/5) - Groesse: 3
2023-04-13 18:31:25,589 INFO Spielfeld [main] U-Boot - Start: (0/6) - Groesse: 2
2023-04-13 18:31:29,238 INFO Spielfeld [main] U-Boot - Start: (0/7) - Groesse: 2
2023-04-13 18:31:34,669 INFO Spielfeld [main] U-Boot - Start: (0/8) - Groesse: 2
2023-04-13 18:31:40,145 INFO Spielfeld [main] U-Boot - Start: (0/9) - Groesse: 2
2023-04-13 18:31:40,146 INFO Spielfeld [main] Schlachtschiff - Start: (0/2) - Groesse: 5
2023-04-13 18:31:40,146 INFO Spielfeld [main] Kreuzer - Start: (1/3) - Groesse: 4
2023-04-13 18:31:40,146 INFO Spielfeld [main] Kreuzer - Start: (3/1) - Groesse: 4
2023-04-13 18:31:40,146 INFO Spielfeld [main] Zerstörer - Start: (2/4) - Groesse: 3
2023-04-13 18:31:40,146 INFO Spielfeld [main] Zerstörer - Start: (4/5) - Groesse: 3
2023-04-13 18:31:40,146 INFO Spielfeld [main] Zerstörer - Start: (3/6) - Groesse: 3
2023-04-13 18:31:40,146 INFO Spielfeld [main] U-Boot - Start: (7/2) - Groesse: 2
2023-04-13 18:31:40,146 INFO Spielfeld [main] U-Boot - Start: (6/7) - Groesse: 2
2023-04-13 18:31:40,146 INFO Spielfeld [main] U-Boot - Start: (5/2) - Groesse: 2
2023-04-13 18:31:40,146 INFO Spielfeld [main] U-Boot - Start: (5/0) - Groesse: 2
2023-04-13 18:35:16,404 INFO Spielfeld [main] Schlachtschiff - Start: (0/0) - Groesse: 5
2023-04-13 18:35:19,802 INFO Spielfeld [main] Kreuzer - Start: (0/1) - Groesse: 4
2023-04-13 18:35:24,916 INFO Spielfeld [main] Kreuzer - Start: (0/3) - Groesse: 4
2023-04-13 18:35:26,846 INFO Spielfeld [main] Zerstörer - Start: (0/4) - Groesse: 3
2023-04-13 18:35:33,768 INFO Spielfeld [main] Zerstörer - Start: (0/5) - Groesse: 3
2023-04-13 18:35:35,742 INFO Spielfeld [main] Zerstörer - Start: (0/6) - Groesse: 3
2023-04-13 18:35:37,337 INFO Spielfeld [main] U-Boot - Start: (0/7) - Groesse: 2
2023-04-13 18:35:42,722 INFO Spielfeld [main] U-Boot - Start: (0/8) - Groesse: 2
2023-04-13 18:35:54,910 INFO Spielfeld [main] U-Boot - Start: (0/9) - Groesse: 2
2023-04-13 18:36:02,169 INFO Spielfeld [main] U-Boot - Start: (0/2) - Groesse: 2
2023-04-13 18:36:02,169 INFO Spielfeld [main] Schlachtschiff - Start: (4/4) - Groesse: 5
2023-04-13 18:36:02,169 INFO Spielfeld [main] Kreuzer - Start: (5/1) - Groesse: 4
2023-04-13 18:36:02,169 INFO Spielfeld [main] Kreuzer - Start: (2/0) - Groesse: 4
2023-04-13 18:36:02,169 INFO Spielfeld [main] Zerstörer - Start: (1/3) - Groesse: 3
2023-04-13 18:36:02,170 INFO Spielfeld [main] Zerstörer - Start: (0/6) - Groesse: 3
2023-04-13 18:36:02,170 INFO Spielfeld [main] Zerstörer - Start: (2/2) - Groesse: 3
2023-04-13 18:36:02,170 INFO Spielfeld [main] U-Boot - Start: (6/3) - Groesse: 2
2023-04-13 18:36:02,170 INFO Spielfeld [main] U-Boot - Start: (2/1) - Groesse: 2
2023-04-13 18:36:02,170 INFO Spielfeld [main] U-Boot - Start: (7/4) - Groesse: 2
2023-04-13 18:36:02,170 INFO Spielfeld [main] U-Boot - Start: (0/7) - Groesse: 2
2023-04-13 18:40:24,615 INFO Spielfeld [main] Schlachtschiff - Start: (0/0) - Groesse: 5
2023-04-13 18:40:29,860 INFO Spielfeld [main] Kreuzer - Start: (0/1) - Groesse: 4
2023-04-13 18:40:31,775 INFO Spielfeld [main] Kreuzer - Start: (0/2) - Groesse: 4
2023-04-13 18:40:34,319 INFO Spielfeld [main] Zerstörer - Start: (0/3) - Groesse: 3
2023-04-13 18:40:37,454 INFO Spielfeld [main] Zerstörer - Start: (0/4) - Groesse: 3
2023-04-13 18:40:39,116 INFO Spielfeld [main] Zerstörer - Start: (0/5) - Groesse: 3
2023-04-13 18:40:41,499 INFO Spielfeld [main] U-Boot - Start: (0/6) - Groesse: 2
2023-04-13 18:40:45,660 INFO Spielfeld [main] U-Boot - Start: (0/7) - Groesse: 2
2023-04-13 18:40:47,420 INFO Spielfeld [main] U-Boot - Start: (0/8) - Groesse: 2
2023-04-13 18:40:49,395 INFO Spielfeld [main] U-Boot - Start: (0/9) - Groesse: 2
2023-04-13 18:40:49,396 INFO Spielfeld [main] Schlachtschiff - Start: (2/0) - Groesse: 5
2023-04-13 18:40:49,396 INFO Spielfeld [main] Kreuzer - Start: (1/4) - Groesse: 4
2023-04-13 18:40:49,396 INFO Spielfeld [main] Kreuzer - Start: (0/5) - Groesse: 4
2023-04-13 18:40:49,396 INFO Spielfeld [main] Zerstörer - Start: (5/6) - Groesse: 3
2023-04-13 18:40:49,396 INFO Spielfeld [main] Zerstörer - Start: (1/3) - Groesse: 3
2023-04-13 18:40:49,396 INFO Spielfeld [main] Zerstörer - Start: (6/2) - Groesse: 3
2023-04-13 18:40:49,396 INFO Spielfeld [main] U-Boot - Start: (6/4) - Groesse: 2
2023-04-13 18:40:49,396 INFO Spielfeld [main] U-Boot - Start: (4/4) - Groesse: 2
2023-04-13 18:40:49,396 INFO Spielfeld [main] U-Boot - Start: (4/7) - Groesse: 2
2023-04-13 18:40:49,396 INFO Spielfeld [main] U-Boot - Start: (6/7) - Groesse: 2
2023-04-13 18:44:04,374 INFO Spielfeld [main] Schlachtschiff - Start: (0/0) - Groesse: 5
2023-04-13 18:44:08,788 INFO Spielfeld [main] Kreuzer - Start: (0/10) - Groesse: 4
2023-04-15 12:51:46,893 INFO Spielfeld [main] Schlachtschiff - Start: (0/0) - Groesse: 5
2023-04-15 12:51:52,325 INFO Spielfeld [main] Kreuzer - Start: (0/1) - Groesse: 4
2023-04-15 12:51:54,815 INFO Spielfeld [main] Kreuzer - Start: (0/2) - Groesse: 4
2023-04-15 12:51:57,105 INFO Spielfeld [main] Zerstörer - Start: (0/3) - Groesse: 3
2023-04-15 12:51:59,606 INFO Spielfeld [main] Zerstörer - Start: (0/4) - Groesse: 3
2023-04-15 12:52:01,381 INFO Spielfeld [main] Zerstörer - Start: (0/5) - Groesse: 3
2023-04-15 12:52:04,510 INFO Spielfeld [main] U-Boot - Start: (0/6) - Groesse: 2
2023-04-15 12:52:06,211 INFO Spielfeld [main] U-Boot - Start: (0/7) - Groesse: 2
2023-04-15 12:52:11,011 INFO Spielfeld [main] U-Boot - Start: (0/8) - Groesse: 2
2023-04-15 12:52:15,355 INFO Spielfeld [main] U-Boot - Start: (0/9) - Groesse: 2
2023-04-15 12:52:15,356 INFO Spielfeld [main] Schlachtschiff - Start: (0/1) - Groesse: 5
2023-04-15 12:52:15,356 INFO Spielfeld [main] Kreuzer - Start: (4/3) - Groesse: 4
2023-04-15 12:52:15,356 INFO Spielfeld [main] Kreuzer - Start: (2/4) - Groesse: 4
2023-04-15 12:52:15,356 INFO Spielfeld [main] Zerstörer - Start: (6/5) - Groesse: 3
2023-04-15 12:52:15,356 INFO Spielfeld [main] Zerstörer - Start: (3/3) - Groesse: 3
2023-04-15 12:52:15,356 INFO Spielfeld [main] Zerstörer - Start: (0/3) - Groesse: 3
2023-04-15 12:52:15,356 INFO Spielfeld [main] U-Boot - Start: (4/7) - Groesse: 2
2023-04-15 12:52:15,356 INFO Spielfeld [main] U-Boot - Start: (5/4) - Groesse: 2
2023-04-15 12:52:15,356 INFO Spielfeld [main] U-Boot - Start: (2/2) - Groesse: 2
2023-04-15 12:52:15,356 INFO Spielfeld [main] U-Boot - Start: (7/5) - Groesse: 2
2023-04-15 12:56:03,227 INFO Spielfeld [main] Schlachtschiff - Start: (0/0) - Groesse: 5
2023-04-15 12:56:07,194 INFO Spielfeld [main] Kreuzer - Start: (0/1) - Groesse: 4
2023-04-15 12:56:08,810 INFO Spielfeld [main] Kreuzer - Start: (0/2) - Groesse: 4
2023-04-15 12:56:12,395 INFO Spielfeld [main] Zerstörer - Start: (0/3) - Groesse: 3
2023-04-15 12:56:16,321 INFO Spielfeld [main] Zerstörer - Start: (0/4) - Groesse: 3
2023-04-15 12:56:18,790 INFO Spielfeld [main] Zerstörer - Start: (0/5) - Groesse: 3
2023-04-15 12:56:21,550 INFO Spielfeld [main] U-Boot - Start: (0/6) - Groesse: 2
2023-04-15 12:56:24,920 INFO Spielfeld [main] U-Boot - Start: (0/7) - Groesse: 2
2023-04-15 12:56:29,390 INFO Spielfeld [main] U-Boot - Start: (0/7) - Groesse: 2
2023-04-15 12:56:32,826 INFO Spielfeld [main] U-Boot - Start: (0/8) - Groesse: 2
2023-04-15 12:56:32,827 INFO Spielfeld [main] Schlachtschiff - Start: (2/1) - Groesse: 5
2023-04-15 12:56:32,827 INFO Spielfeld [main] Kreuzer - Start: (4/0) - Groesse: 4
2023-04-15 12:56:32,827 INFO Spielfeld [main] Kreuzer - Start: (1/1) - Groesse: 4
2023-04-15 12:56:32,827 INFO Spielfeld [main] Zerstörer - Start: (5/4) - Groesse: 3
2023-04-15 12:56:32,827 INFO Spielfeld [main] Zerstörer - Start: (0/6) - Groesse: 3
2023-04-15 12:56:32,827 INFO Spielfeld [main] Zerstörer - Start: (3/6) - Groesse: 3
2023-04-15 12:56:32,827 INFO Spielfeld [main] U-Boot - Start: (3/1) - Groesse: 2
2023-04-15 12:56:32,827 INFO Spielfeld [main] U-Boot - Start: (4/5) - Groesse: 2
2023-04-15 12:56:32,827 INFO Spielfeld [main] U-Boot - Start: (3/4) - Groesse: 2
2023-04-15 12:56:32,827 INFO Spielfeld [main] U-Boot - Start: (6/1) - Groesse: 2
2023-04-15 12:57:13,780 INFO Spielfeld [main] Schlachtschiff - Start: (0/0) - Groesse: 5
2023-04-15 12:57:16,138 INFO Spielfeld [main] Kreuzer - Start: (0/1) - Groesse: 4
2023-04-15 12:57:17,937 INFO Spielfeld [main] Kreuzer - Start: (0/2) - Groesse: 4
2023-04-15 12:57:20,987 INFO Spielfeld [main] Zerstörer - Start: (0/3) - Groesse: 3
2023-04-15 12:57:26,118 INFO Spielfeld [main] Zerstörer - Start: (0/4) - Groesse: 3
2023-04-15 12:57:28,643 INFO Spielfeld [main] Zerstörer - Start: (0/5) - Groesse: 3
2023-04-15 12:57:32,393 INFO Spielfeld [main] U-Boot - Start: (0/6) - Groesse: 2
2023-04-15 12:57:37,618 INFO Spielfeld [main] U-Boot - Start: (0/7) - Groesse: 2
2023-04-15 12:57:40,749 INFO Spielfeld [main] U-Boot - Start: (0/8) - Groesse: 2
2023-04-15 12:57:43,853 INFO Spielfeld [main] U-Boot - Start: (0/9) - Groesse: 2
2023-04-15 12:57:43,854 INFO Spielfeld [main] Schlachtschiff - Start: (0/4) - Groesse: 5
2023-04-15 12:57:43,854 INFO Spielfeld [main] Kreuzer - Start: (4/3) - Groesse: 4
2023-04-15 12:57:43,854 INFO Spielfeld [main] Kreuzer - Start: (2/0) - Groesse: 4
2023-04-15 12:57:43,854 INFO Spielfeld [main] Zerstörer - Start: (3/4) - Groesse: 3
2023-04-15 12:57:43,854 INFO Spielfeld [main] Zerstörer - Start: (5/1) - Groesse: 3
2023-04-15 12:57:43,854 INFO Spielfeld [main] Zerstörer - Start: (6/0) - Groesse: 3
2023-04-15 12:57:43,854 INFO Spielfeld [main] U-Boot - Start: (1/3) - Groesse: 2
2023-04-15 12:57:43,854 INFO Spielfeld [main] U-Boot - Start: (4/7) - Groesse: 2
2023-04-15 12:57:43,854 INFO Spielfeld [main] U-Boot - Start: (0/1) - Groesse: 2
2023-04-15 12:57:43,854 INFO Spielfeld [main] U-Boot - Start: (6/6) - Groesse: 2
2023-05-01 19:04:30,543 INFO m.d.DbConnect [main] Datenbankverbindung erstellen
2023-05-01 19:04:30,548 INFO m.d.DbConnect [main] jdbc:hsqldb:file:../database\schiffeversenken;shutdown=true
2023-05-01 19:04:30,639 INFO m.d.DbConnect [main] Verbindung zur Datenbank hergestellt
2023-05-01 19:11:02,785 INFO m.d.DbConnect [main] Datenbankverbindung erstellen
2023-05-01 19:11:02,790 INFO m.d.DbConnect [main] jdbc:hsqldb:file:../database\schiffeversenken;shutdown=true
2023-05-01 19:11:02,869 INFO m.d.DbConnect [main] Verbindung zur Datenbank hergestellt
2023-05-01 19:11:25,890 INFO m.d.DbConnect [main] Datenbankverbindung erstellen
2023-05-01 19:11:25,894 INFO m.d.DbConnect [main] jdbc:hsqldb:file:../database\schiffeversenken;shutdown=true
2023-05-01 19:11:25,989 INFO m.d.DbConnect [main] Verbindung zur Datenbank hergestellt
2023-05-01 19:13:53,961 INFO m.d.DbConnect [main] Datenbankverbindung erstellen
2023-05-01 19:13:53,965 INFO m.d.DbConnect [main] jdbc:hsqldb:file:../database\schiffeversenken;shutdown=true
2023-05-01 19:13:54,059 INFO m.d.DbConnect [main] Verbindung zur Datenbank hergestellt
2023-05-01 19:17:13,130 INFO m.d.DbConnect [main] Datenbankverbindung erstellen
2023-05-01 19:17:13,134 INFO m.d.DbConnect [main] jdbc:hsqldb:file:../database\schiffeversenken;shutdown=true
2023-05-01 19:17:13,228 INFO m.d.DbConnect [main] Verbindung zur Datenbank hergestellt
2023-05-01 19:17:13,269 INFO m.d.DatabaseImportExport [main] Extrahieren Datenbank...
2023-05-01 19:17:13,273 INFO m.d.DatabaseImportExport [main] Verschiebe Dateien aus temp. Ordner...
2023-05-01 19:17:13,309 INFO m.d.DatabaseImportExport [main] Dateien umbennen...
2023-05-01 19:17:13,312 INFO m.d.DatabaseImportExport [main] Import abgeschlossen
2023-05-01 19:18:44,380 INFO m.d.DbConnect [main] Datenbankverbindung erstellen
2023-05-01 19:18:44,384 INFO m.d.DbConnect [main] jdbc:hsqldb:file:.database\schiffeversenken;shutdown=true
2023-05-01 19:18:44,461 INFO m.d.DbConnect [main] Verbindung zur Datenbank hergestellt
2023-05-01 19:18:44,506 INFO m.d.DatabaseImportExport [main] Extrahieren Datenbank...
2023-05-01 19:18:44,511 INFO m.d.DatabaseImportExport [main] Verschiebe Dateien aus temp. Ordner...
2023-05-01 19:18:44,537 INFO m.d.DatabaseImportExport [main] Dateien umbennen...
2023-05-01 19:18:44,540 INFO m.d.DatabaseImportExport [main] Import abgeschlossen
2023-05-01 19:19:57,804 INFO m.d.DatabaseImportExport [main] Extrahieren Datenbank...
2023-05-01 19:19:57,811 INFO m.d.DatabaseImportExport [main] Verschiebe Dateien aus temp. Ordner...
2023-05-01 19:19:57,835 INFO m.d.DatabaseImportExport [main] Dateien umbennen...
2023-05-01 19:19:57,840 INFO m.d.DatabaseImportExport [main] Import abgeschlossen
2023-05-01 19:19:57,841 INFO m.d.DbConnect [main] Datenbankverbindung erstellen
2023-05-01 19:19:57,843 INFO m.d.DbConnect [main] jdbc:hsqldb:file:.database\schiffeversenken;shutdown=true
2023-05-01 19:19:57,940 INFO m.d.DbConnect [main] Verbindung zur Datenbank hergestellt
2023-05-01 19:20:21,739 INFO m.d.DatabaseImportExport [main] Extrahieren Datenbank...
2023-05-01 19:20:21,746 INFO m.d.DatabaseImportExport [main] Verschiebe Dateien aus temp. Ordner...
2023-05-01 19:20:21,772 INFO m.d.DatabaseImportExport [main] Dateien umbennen...
2023-05-01 19:20:21,778 INFO m.d.DatabaseImportExport [main] Import abgeschlossen
2023-05-01 19:20:21,779 INFO m.d.DbConnect [main] Datenbankverbindung erstellen
2023-05-01 19:20:21,781 INFO m.d.DbConnect [main] jdbc:hsqldb:file:.database\schiffeversenken;shutdown=true
2023-05-01 19:20:21,873 INFO m.d.DbConnect [main] Verbindung zur Datenbank hergestellt
2023-05-01 19:20:37,665 INFO m.d.DatabaseImportExport [main] Extrahieren Datenbank...
2023-05-01 19:20:37,672 INFO m.d.DatabaseImportExport [main] Verschiebe Dateien aus temp. Ordner...
2023-05-01 19:20:37,698 INFO m.d.DatabaseImportExport [main] Dateien umbennen...
2023-05-01 19:20:37,701 INFO m.d.DatabaseImportExport [main] Import abgeschlossen
2023-05-01 19:20:37,702 INFO m.d.DbConnect [main] Datenbankverbindung erstellen
2023-05-01 19:20:37,704 INFO m.d.DbConnect [main] jdbc:hsqldb:file:.database\schiffeversenken;shutdown=true
2023-05-01 19:20:37,796 INFO m.d.DbConnect [main] Verbindung zur Datenbank hergestellt
2023-05-01 19:22:06,736 INFO m.d.DatabaseImportExport [main] Extrahieren Datenbank...
2023-05-01 19:22:06,743 INFO m.d.DatabaseImportExport [main] Verschiebe Dateien aus temp. Ordner...
2023-05-01 19:22:06,768 INFO m.d.DatabaseImportExport [main] Dateien umbennen...
2023-05-01 19:22:06,773 INFO m.d.DatabaseImportExport [main] Import abgeschlossen
2023-05-01 19:22:06,774 INFO m.d.DbConnect [main] Datenbankverbindung erstellen
2023-05-01 19:22:06,776 INFO m.d.DbConnect [main] jdbc:hsqldb:file:database\schiffeversenken;shutdown=true
2023-05-01 19:22:06,898 INFO m.d.DbConnect [main] Verbindung zur Datenbank hergestellt
2023-05-01 19:22:29,013 INFO m.d.DatabaseImportExport [main] Extrahieren Datenbank...
2023-05-01 19:22:29,020 INFO m.d.DatabaseImportExport [main] Verschiebe Dateien aus temp. Ordner...
2023-05-01 19:22:29,047 INFO m.d.DatabaseImportExport [main] Dateien umbennen...
2023-05-01 19:22:29,050 INFO m.d.DatabaseImportExport [main] Import abgeschlossen
2023-05-01 19:22:29,051 INFO m.d.DbConnect [main] Datenbankverbindung erstellen
2023-05-01 19:22:29,054 INFO m.d.DbConnect [main] jdbc:hsqldb:file:database\schiffeversenken;shutdown=true
2023-05-01 19:22:29,169 INFO m.d.DbConnect [main] Verbindung zur Datenbank hergestellt
